  [1m[35m (361.9ms)[0m  [1m[35mCREATE DATABASE "Music_development" ENCODING = 'unicode'[0m
  [1m[35m (238.9ms)[0m  [1m[35mCREATE DATABASE "Music_test" ENCODING = 'unicode'[0m
  [1m[35m (13.1ms)[0m  [1m[35mCREATE TABLE "schema_migrations" ("version" character varying NOT NULL PRIMARY KEY)[0m
  [1m[35m (12.1ms)[0m  [1m[35mCREATE TABLE "ar_internal_metadata" ("key" character varying NOT NULL PRIMARY KEY, "value" character varying, "created_at" timestamp(6) NOT NULL, "updated_at" timestamp(6) NOT NULL)[0m
  [1m[35m (0.5ms)[0m  [1m[34mSELECT pg_try_advisory_lock(2205626353588408695)[0m
  [1m[36mActiveRecord::SchemaMigration Pluck (1.4ms)[0m  [1m[34mSELECT "schema_migrations"."version" FROM "schema_migrations" ORDER BY "schema_migrations"."version" ASC[0m
Migrating to CreateUsers (20230221190100)
  [1m[36mTRANSACTION (0.6ms)[0m  [1m[35mBEGIN[0m
  [1m[35m (31.1ms)[0m  [1m[35mCREATE TABLE "users" ("id" bigserial primary key, "email" character varying NOT NULL, "password_digest" character varying NOT NULL, "session_token" character varying NOT NULL, "created_at" timestamp(6) NOT NULL, "updated_at" timestamp(6) NOT NULL)[0m
  [1m[35m (11.7ms)[0m  [1m[35mCREATE INDEX "index_users_on_session_token" ON "users" ("session_token")[0m
  [1m[36mActiveRecord::SchemaMigration Create (14.8ms)[0m  [1m[32mINSERT INTO "schema_migrations" ("version") VALUES ($1) RETURNING "version"[0m  [["version", "20230221190100"]]
  [1m[36mTRANSACTION (4.7ms)[0m  [1m[35mCOMMIT[0m
  [1m[36mActiveRecord::InternalMetadata Load (2.6ms)[0m  [1m[34mSELECT "ar_internal_metadata".* FROM "ar_internal_metadata" WHERE "ar_internal_metadata"."key" = $1 LIMIT $2[0m  [["key", "environment"], ["LIMIT", 1]]
  [1m[36mTRANSACTION (0.5ms)[0m  [1m[35mBEGIN[0m
  [1m[36mActiveRecord::InternalMetadata Create (0.9ms)[0m  [1m[32mINSERT INTO "ar_internal_metadata" ("key", "value", "created_at", "updated_at") VALUES ($1, $2, $3, $4) RETURNING "key"[0m  [["key", "environment"], ["value", "development"], ["created_at", "2023-02-21 19:11:08.848753"], ["updated_at", "2023-02-21 19:11:08.848753"]]
  [1m[36mTRANSACTION (2.0ms)[0m  [1m[35mCOMMIT[0m
  [1m[35m (0.6ms)[0m  [1m[34mSELECT pg_advisory_unlock(2205626353588408695)[0m
  [1m[36mActiveRecord::SchemaMigration Pluck (1.2ms)[0m  [1m[34mSELECT "schema_migrations"."version" FROM "schema_migrations" ORDER BY "schema_migrations"."version" ASC[0m
  [1m[36mActiveRecord::SchemaMigration Pluck (0.5ms)[0m  [1m[34mSELECT "schema_migrations"."version" FROM "schema_migrations" ORDER BY "schema_migrations"."version" ASC[0m
  [1m[36mActiveRecord::InternalMetadata Pluck (0.6ms)[0m  [1m[34mSELECT "ar_internal_metadata"."value" FROM "ar_internal_metadata" WHERE "ar_internal_metadata"."key" = $1 LIMIT $2[0m  [["key", "environment"], ["LIMIT", 1]]
  [1m[36mActiveRecord::SchemaMigration Pluck (0.4ms)[0m  [1m[34mSELECT "schema_migrations"."version" FROM "schema_migrations" ORDER BY "schema_migrations"."version" ASC[0m
  [1m[36mActiveRecord::InternalMetadata Pluck (0.5ms)[0m  [1m[34mSELECT "ar_internal_metadata"."value" FROM "ar_internal_metadata" WHERE "ar_internal_metadata"."key" = $1 LIMIT $2[0m  [["key", "environment"], ["LIMIT", 1]]
  [1m[36mActiveRecord::SchemaMigration Pluck (0.4ms)[0m  [1m[34mSELECT "schema_migrations"."version" FROM "schema_migrations" ORDER BY "schema_migrations"."version" ASC[0m
  [1m[36mActiveRecord::InternalMetadata Pluck (0.5ms)[0m  [1m[34mSELECT "ar_internal_metadata"."value" FROM "ar_internal_metadata" WHERE "ar_internal_metadata"."key" = $1 LIMIT $2[0m  [["key", "environment"], ["LIMIT", 1]]
  [1m[35m (62.0ms)[0m  [1m[35mDROP DATABASE IF EXISTS "Music_test"[0m
  [1m[35m (209.9ms)[0m  [1m[35mCREATE DATABASE "Music_test" ENCODING = 'unicode'[0m
  [1m[35mSQL (1.5ms)[0m  [1m[35mCREATE EXTENSION IF NOT EXISTS "plpgsql"[0m
  [1m[35m (0.6ms)[0m  [1m[35mDROP TABLE IF EXISTS "users" CASCADE[0m
  [1m[35m (16.0ms)[0m  [1m[35mCREATE TABLE "users" ("id" bigserial primary key, "email" character varying NOT NULL, "password_digest" character varying NOT NULL, "session_token" character varying NOT NULL, "created_at" timestamp(6) NOT NULL, "updated_at" timestamp(6) NOT NULL)[0m
  [1m[35m (5.9ms)[0m  [1m[35mCREATE INDEX "index_users_on_session_token" ON "users" ("session_token")[0m
  [1m[35m (10.7ms)[0m  [1m[35mCREATE TABLE "schema_migrations" ("version" character varying NOT NULL PRIMARY KEY)[0m
  [1m[36mActiveRecord::SchemaMigration Pluck (0.8ms)[0m  [1m[34mSELECT "schema_migrations"."version" FROM "schema_migrations" ORDER BY "schema_migrations"."version" ASC[0m
  [1m[35m (2.0ms)[0m  [1m[32mINSERT INTO "schema_migrations" (version) VALUES (20230221190100)[0m
  [1m[35m (10.3ms)[0m  [1m[35mCREATE TABLE "ar_internal_metadata" ("key" character varying NOT NULL PRIMARY KEY, "value" character varying, "created_at" timestamp(6) NOT NULL, "updated_at" timestamp(6) NOT NULL)[0m
  [1m[36mActiveRecord::InternalMetadata Load (0.7ms)[0m  [1m[34mSELECT "ar_internal_metadata".* FROM "ar_internal_metadata" WHERE "ar_internal_metadata"."key" = $1 LIMIT $2[0m  [["key", "environment"], ["LIMIT", 1]]
  [1m[36mTRANSACTION (0.3ms)[0m  [1m[35mBEGIN[0m
  [1m[36mActiveRecord::InternalMetadata Create (0.9ms)[0m  [1m[32mINSERT INTO "ar_internal_metadata" ("key", "value", "created_at", "updated_at") VALUES ($1, $2, $3, $4) RETURNING "key"[0m  [["key", "environment"], ["value", "development"], ["created_at", "2023-02-21 19:11:09.346512"], ["updated_at", "2023-02-21 19:11:09.346512"]]
  [1m[36mTRANSACTION (2.0ms)[0m  [1m[35mCOMMIT[0m
  [1m[36mActiveRecord::InternalMetadata Load (0.5ms)[0m  [1m[34mSELECT "ar_internal_metadata".* FROM "ar_internal_metadata" WHERE "ar_internal_metadata"."key" = $1 LIMIT $2[0m  [["key", "environment"], ["LIMIT", 1]]
  [1m[36mTRANSACTION (0.3ms)[0m  [1m[35mBEGIN[0m
  [1m[36mActiveRecord::InternalMetadata Update (0.6ms)[0m  [1m[33mUPDATE "ar_internal_metadata" SET "value" = $1, "updated_at" = $2 WHERE "ar_internal_metadata"."key" = $3[0m  [["value", "test"], ["updated_at", "2023-02-21 19:11:09.361320"], ["key", "environment"]]
  [1m[36mTRANSACTION (1.7ms)[0m  [1m[35mCOMMIT[0m
  [1m[36mActiveRecord::InternalMetadata Load (0.5ms)[0m  [1m[34mSELECT "ar_internal_metadata".* FROM "ar_internal_metadata" WHERE "ar_internal_metadata"."key" = $1 LIMIT $2[0m  [["key", "schema_sha1"], ["LIMIT", 1]]
  [1m[36mTRANSACTION (0.5ms)[0m  [1m[35mBEGIN[0m
  [1m[36mActiveRecord::InternalMetadata Create (0.8ms)[0m  [1m[32mINSERT INTO "ar_internal_metadata" ("key", "value", "created_at", "updated_at") VALUES ($1, $2, $3, $4) RETURNING "key"[0m  [["key", "schema_sha1"], ["value", "569295aa84b1baf39eb47aefba840244a5c289ba"], ["created_at", "2023-02-21 19:11:09.375670"], ["updated_at", "2023-02-21 19:11:09.375670"]]
  [1m[36mTRANSACTION (2.0ms)[0m  [1m[35mCOMMIT[0m
Started GET "/users/" for ::1 at 2023-02-21 16:46:55 -0500
  [1m[36mActiveRecord::SchemaMigration Pluck (2.1ms)[0m  [1m[34mSELECT "schema_migrations"."version" FROM "schema_migrations" ORDER BY "schema_migrations"."version" ASC[0m
  
ActionController::RoutingError (No route matches [GET] "/users"):
  
Started GET "/rails/info/routes?path=user" for ::1 at 2023-02-21 16:48:27 -0500
Processing by Rails::InfoController#routes as */*
  Parameters: {"path"=>"user"}
Completed 200 OK in 5ms (Views: 1.1ms | ActiveRecord: 0.0ms | Allocations: 813)


Started GET "/rails/info/routes?path=user" for ::1 at 2023-02-21 16:48:33 -0500
Processing by Rails::InfoController#routes as */*
  Parameters: {"path"=>"user"}
Completed 200 OK in 5ms (Views: 3.5ms | ActiveRecord: 0.0ms | Allocations: 253)


Started GET "/users/" for ::1 at 2023-02-21 16:48:39 -0500
  
ActionController::RoutingError (No route matches [GET] "/users"):
  
Started GET "/users/" for ::1 at 2023-02-21 16:52:55 -0500
  
ActionController::RoutingError (No route matches [GET] "/users"):
  
Started GET "/users/new" for ::1 at 2023-02-21 16:53:00 -0500
Processing by UsersController#new as HTML
Completed 500 Internal Server Error in 7ms (ActiveRecord: 0.0ms | Allocations: 1426)



ArgumentError - You need to supply at least one validation:
  app/models/user.rb:6:in `<class:User>'
  app/models/user.rb:1:in `<top (required)>'
  app/controllers/users_controller.rb:3:in `new'

Started POST "/__better_errors/b5a15fafa975de4e/variables" for ::1 at 2023-02-21 16:53:00 -0500
Started GET "/users/new" for ::1 at 2023-02-21 16:53:14 -0500
Processing by UsersController#new as HTML
Completed 500 Internal Server Error in 6ms (ActiveRecord: 0.0ms | Allocations: 1846)



ArgumentError - Unknown validator: 'NullValidator':
  app/models/user.rb:6:in `<class:User>'
  app/models/user.rb:1:in `<top (required)>'
  app/controllers/users_controller.rb:3:in `new'

Started POST "/__better_errors/f289e790c415103c/variables" for ::1 at 2023-02-21 16:53:15 -0500
Started GET "/users/new" for ::1 at 2023-02-21 16:53:40 -0500
Processing by UsersController#new as HTML
  Rendering layout layouts/application.html.erb
  Rendering users/new.html.erb within layouts/application
  Rendered users/_form.html.erb (Duration: 46.8ms | Allocations: 4349)
  Rendered users/new.html.erb within layouts/application (Duration: 50.9ms | Allocations: 4684)
  Rendered layout layouts/application.html.erb (Duration: 100.5ms | Allocations: 11060)
Completed 200 OK in 175ms (Views: 105.4ms | ActiveRecord: 24.7ms | Allocations: 17217)


Started POST "/users" for ::1 at 2023-02-21 16:54:24 -0500
Processing by UsersController#create as HTML
  Parameters: {"authenticity_token"=>"[FILTERED]", "user"=>{"email"=>"amiricle@yahoo.com", "password_digest"=>"[FILTERED]", "session_token"=>"[FILTERED]"}, "commit"=>"Create User"}
[31mUnpermitted parameters: :password_digest, :session_token. Context: { controller: UsersController, action: create, request: #<ActionDispatch::Request:0x00007f5b7c071528>, params: {"authenticity_token"=>"[FILTERED]", "user"=>{"email"=>"amiricle@yahoo.com", "password_digest"=>"[FILTERED]", "session_token"=>"[FILTERED]"}, "commit"=>"Create User", "controller"=>"users", "action"=>"create"} }[0m
  [1m[36mTRANSACTION (0.7ms)[0m  [1m[35mBEGIN[0m
  ↳ app/models/user.rb:33:in `generate_unique_session_token'
  [1m[36mUser Exists? (7.8ms)[0m  [1m[34mSELECT 1 AS one FROM "users" WHERE "users"."session_token" = $1 LIMIT $2[0m  [["session_token", "[FILTERED]"], ["LIMIT", 1]]
  ↳ app/models/user.rb:33:in `generate_unique_session_token'
  [1m[36mUser Exists? (1.0ms)[0m  [1m[34mSELECT 1 AS one FROM "users" WHERE "users"."email" = $1 LIMIT $2[0m  [["email", "amiricle@yahoo.com"], ["LIMIT", 1]]
  ↳ app/controllers/users_controller.rb:10:in `create'
  [1m[36mCACHE User Exists? (0.1ms)[0m  [1m[34mSELECT 1 AS one FROM "users" WHERE "users"."session_token" = $1 LIMIT $2[0m  [["session_token", "[FILTERED]"], ["LIMIT", 1]]
  ↳ app/controllers/users_controller.rb:10:in `create'
  [1m[36mTRANSACTION (0.7ms)[0m  [1m[31mROLLBACK[0m
  ↳ app/controllers/users_controller.rb:10:in `create'
  Rendering layout layouts/application.html.erb
  Rendering users/new.html.erb within layouts/application
  Rendered users/_form.html.erb (Duration: 26.2ms | Allocations: 2542)
  Rendered users/new.html.erb within layouts/application (Duration: 27.5ms | Allocations: 2637)
  Rendered layout layouts/application.html.erb (Duration: 38.6ms | Allocations: 3773)
Completed 200 OK in 121ms (Views: 46.6ms | ActiveRecord: 10.3ms | Allocations: 12231)


Started POST "/users" for ::1 at 2023-02-21 16:54:46 -0500
Processing by UsersController#create as HTML
  Parameters: {"authenticity_token"=>"[FILTERED]", "user"=>{"email"=>"amiricle@yahoo.com", "password_digest"=>"[FILTERED]", "session_token"=>"[FILTERED]"}, "commit"=>"Create User"}
[31mUnpermitted parameters: :password_digest, :session_token. Context: { controller: UsersController, action: create, request: #<ActionDispatch::Request:0x00007f5b57f9d0a8>, params: {"authenticity_token"=>"[FILTERED]", "user"=>{"email"=>"amiricle@yahoo.com", "password_digest"=>"[FILTERED]", "session_token"=>"[FILTERED]"}, "commit"=>"Create User", "controller"=>"users", "action"=>"create"} }[0m
  [1m[36mTRANSACTION (0.6ms)[0m  [1m[35mBEGIN[0m
  ↳ app/models/user.rb:33:in `generate_unique_session_token'
  [1m[36mUser Exists? (1.3ms)[0m  [1m[34mSELECT 1 AS one FROM "users" WHERE "users"."session_token" = $1 LIMIT $2[0m  [["session_token", "[FILTERED]"], ["LIMIT", 1]]
  ↳ app/models/user.rb:33:in `generate_unique_session_token'
  [1m[36mUser Exists? (1.2ms)[0m  [1m[34mSELECT 1 AS one FROM "users" WHERE "users"."email" = $1 LIMIT $2[0m  [["email", "amiricle@yahoo.com"], ["LIMIT", 1]]
  ↳ app/controllers/users_controller.rb:10:in `create'
  [1m[36mCACHE User Exists? (0.1ms)[0m  [1m[34mSELECT 1 AS one FROM "users" WHERE "users"."session_token" = $1 LIMIT $2[0m  [["session_token", "[FILTERED]"], ["LIMIT", 1]]
  ↳ app/controllers/users_controller.rb:10:in `create'
  [1m[36mTRANSACTION (0.8ms)[0m  [1m[31mROLLBACK[0m
  ↳ app/controllers/users_controller.rb:10:in `create'
  Rendering layout layouts/application.html.erb
  Rendering users/new.html.erb within layouts/application
  Rendered users/_form.html.erb (Duration: 25.2ms | Allocations: 2447)
  Rendered users/new.html.erb within layouts/application (Duration: 26.6ms | Allocations: 2534)
  Rendered layout layouts/application.html.erb (Duration: 35.2ms | Allocations: 3568)
Completed 200 OK in 87ms (Views: 37.0ms | ActiveRecord: 4.0ms | Allocations: 8620)


Started POST "/users" for ::1 at 2023-02-21 16:54:59 -0500
Processing by UsersController#create as HTML
  Parameters: {"authenticity_token"=>"[FILTERED]", "user"=>{"email"=>"amiricle@yahoo.com", "password_digest"=>"[FILTERED]", "session_token"=>"[FILTERED]"}, "commit"=>"Create User"}
[31mUnpermitted parameters: :password_digest, :session_token. Context: { controller: UsersController, action: create, request: #<ActionDispatch::Request:0x00007f5b57ee83d8>, params: {"authenticity_token"=>"[FILTERED]", "user"=>{"email"=>"amiricle@yahoo.com", "password_digest"=>"[FILTERED]", "session_token"=>"[FILTERED]"}, "commit"=>"Create User", "controller"=>"users", "action"=>"create"} }[0m
  [1m[36mTRANSACTION (0.5ms)[0m  [1m[35mBEGIN[0m
  ↳ app/models/user.rb:33:in `generate_unique_session_token'
  [1m[36mUser Exists? (1.1ms)[0m  [1m[34mSELECT 1 AS one FROM "users" WHERE "users"."session_token" = $1 LIMIT $2[0m  [["session_token", "[FILTERED]"], ["LIMIT", 1]]
  ↳ app/models/user.rb:33:in `generate_unique_session_token'
  [1m[36mUser Exists? (1.0ms)[0m  [1m[34mSELECT 1 AS one FROM "users" WHERE "users"."email" = $1 LIMIT $2[0m  [["email", "amiricle@yahoo.com"], ["LIMIT", 1]]
  ↳ app/controllers/users_controller.rb:10:in `create'
  [1m[36mCACHE User Exists? (0.1ms)[0m  [1m[34mSELECT 1 AS one FROM "users" WHERE "users"."session_token" = $1 LIMIT $2[0m  [["session_token", "[FILTERED]"], ["LIMIT", 1]]
  ↳ app/controllers/users_controller.rb:10:in `create'
  [1m[36mTRANSACTION (0.9ms)[0m  [1m[31mROLLBACK[0m
  ↳ app/controllers/users_controller.rb:10:in `create'
  Rendering layout layouts/application.html.erb
  Rendering users/new.html.erb within layouts/application
  Rendered users/_form.html.erb (Duration: 37.0ms | Allocations: 2447)
  Rendered users/new.html.erb within layouts/application (Duration: 38.2ms | Allocations: 2534)
  Rendered layout layouts/application.html.erb (Duration: 46.4ms | Allocations: 3568)
Completed 200 OK in 124ms (Views: 49.4ms | ActiveRecord: 3.7ms | Allocations: 8511)


Started POST "/users" for ::1 at 2023-02-21 16:55:05 -0500
Processing by UsersController#create as HTML
  Parameters: {"authenticity_token"=>"[FILTERED]", "user"=>{"email"=>"amiricle@yahoo.com", "password_digest"=>"[FILTERED]", "session_token"=>"[FILTERED]"}, "commit"=>"Create User"}
[31mUnpermitted parameters: :password_digest, :session_token. Context: { controller: UsersController, action: create, request: #<ActionDispatch::Request:0x00007f5b57c71f28>, params: {"authenticity_token"=>"[FILTERED]", "user"=>{"email"=>"amiricle@yahoo.com", "password_digest"=>"[FILTERED]", "session_token"=>"[FILTERED]"}, "commit"=>"Create User", "controller"=>"users", "action"=>"create"} }[0m
  [1m[36mTRANSACTION (0.7ms)[0m  [1m[35mBEGIN[0m
  ↳ app/models/user.rb:33:in `generate_unique_session_token'
  [1m[36mUser Exists? (1.4ms)[0m  [1m[34mSELECT 1 AS one FROM "users" WHERE "users"."session_token" = $1 LIMIT $2[0m  [["session_token", "[FILTERED]"], ["LIMIT", 1]]
  ↳ app/models/user.rb:33:in `generate_unique_session_token'
  [1m[36mUser Exists? (1.1ms)[0m  [1m[34mSELECT 1 AS one FROM "users" WHERE "users"."email" = $1 LIMIT $2[0m  [["email", "amiricle@yahoo.com"], ["LIMIT", 1]]
  ↳ app/controllers/users_controller.rb:10:in `create'
  [1m[36mCACHE User Exists? (0.6ms)[0m  [1m[34mSELECT 1 AS one FROM "users" WHERE "users"."session_token" = $1 LIMIT $2[0m  [["session_token", "[FILTERED]"], ["LIMIT", 1]]
  ↳ app/controllers/users_controller.rb:10:in `create'
  [1m[36mTRANSACTION (7.7ms)[0m  [1m[31mROLLBACK[0m
  ↳ app/controllers/users_controller.rb:10:in `create'
  Rendering layout layouts/application.html.erb
  Rendering users/new.html.erb within layouts/application
  Rendered users/_form.html.erb (Duration: 27.1ms | Allocations: 2447)
  Rendered users/new.html.erb within layouts/application (Duration: 32.3ms | Allocations: 2534)
  Rendered layout layouts/application.html.erb (Duration: 39.3ms | Allocations: 3569)
Completed 200 OK in 111ms (Views: 41.7ms | ActiveRecord: 11.5ms | Allocations: 8533)


Started POST "/users" for ::1 at 2023-02-21 16:55:10 -0500
Processing by UsersController#create as HTML
  Parameters: {"authenticity_token"=>"[FILTERED]", "user"=>{"email"=>"amiricle@yahoo.com", "password_digest"=>"[FILTERED]", "session_token"=>"[FILTERED]"}, "commit"=>"Create User"}
[31mUnpermitted parameters: :password_digest, :session_token. Context: { controller: UsersController, action: create, request: #<ActionDispatch::Request:0x00007f5b57bb1d18>, params: {"authenticity_token"=>"[FILTERED]", "user"=>{"email"=>"amiricle@yahoo.com", "password_digest"=>"[FILTERED]", "session_token"=>"[FILTERED]"}, "commit"=>"Create User", "controller"=>"users", "action"=>"create"} }[0m
  [1m[36mTRANSACTION (0.7ms)[0m  [1m[35mBEGIN[0m
  ↳ app/models/user.rb:33:in `generate_unique_session_token'
  [1m[36mUser Exists? (1.2ms)[0m  [1m[34mSELECT 1 AS one FROM "users" WHERE "users"."session_token" = $1 LIMIT $2[0m  [["session_token", "[FILTERED]"], ["LIMIT", 1]]
  ↳ app/models/user.rb:33:in `generate_unique_session_token'
  [1m[36mUser Exists? (1.1ms)[0m  [1m[34mSELECT 1 AS one FROM "users" WHERE "users"."email" = $1 LIMIT $2[0m  [["email", "amiricle@yahoo.com"], ["LIMIT", 1]]
  ↳ app/controllers/users_controller.rb:10:in `create'
  [1m[36mCACHE User Exists? (0.1ms)[0m  [1m[34mSELECT 1 AS one FROM "users" WHERE "users"."session_token" = $1 LIMIT $2[0m  [["session_token", "[FILTERED]"], ["LIMIT", 1]]
  ↳ app/controllers/users_controller.rb:10:in `create'
  [1m[36mTRANSACTION (0.6ms)[0m  [1m[31mROLLBACK[0m
  ↳ app/controllers/users_controller.rb:10:in `create'
  Rendering layout layouts/application.html.erb
  Rendering users/new.html.erb within layouts/application
  Rendered users/_form.html.erb (Duration: 29.0ms | Allocations: 2447)
  Rendered users/new.html.erb within layouts/application (Duration: 32.0ms | Allocations: 2534)
  Rendered layout layouts/application.html.erb (Duration: 43.5ms | Allocations: 3573)
Completed 200 OK in 151ms (Views: 50.1ms | ActiveRecord: 3.6ms | Allocations: 8518)


Started POST "/users" for ::1 at 2023-02-21 16:55:16 -0500
Processing by UsersController#create as HTML
  Parameters: {"authenticity_token"=>"[FILTERED]", "user"=>{"email"=>"amiricle@yahoo.com", "password_digest"=>"[FILTERED]", "session_token"=>"[FILTERED]"}, "commit"=>"Create User"}
[31mUnpermitted parameters: :password_digest, :session_token. Context: { controller: UsersController, action: create, request: #<ActionDispatch::Request:0x00007f5b7d77ee28>, params: {"authenticity_token"=>"[FILTERED]", "user"=>{"email"=>"amiricle@yahoo.com", "password_digest"=>"[FILTERED]", "session_token"=>"[FILTERED]"}, "commit"=>"Create User", "controller"=>"users", "action"=>"create"} }[0m
  [1m[36mTRANSACTION (0.7ms)[0m  [1m[35mBEGIN[0m
  ↳ app/models/user.rb:33:in `generate_unique_session_token'
  [1m[36mUser Exists? (1.0ms)[0m  [1m[34mSELECT 1 AS one FROM "users" WHERE "users"."session_token" = $1 LIMIT $2[0m  [["session_token", "[FILTERED]"], ["LIMIT", 1]]
  ↳ app/models/user.rb:33:in `generate_unique_session_token'
  [1m[36mUser Exists? (1.2ms)[0m  [1m[34mSELECT 1 AS one FROM "users" WHERE "users"."email" = $1 LIMIT $2[0m  [["email", "amiricle@yahoo.com"], ["LIMIT", 1]]
  ↳ app/controllers/users_controller.rb:10:in `create'
  [1m[36mCACHE User Exists? (0.1ms)[0m  [1m[34mSELECT 1 AS one FROM "users" WHERE "users"."session_token" = $1 LIMIT $2[0m  [["session_token", "[FILTERED]"], ["LIMIT", 1]]
  ↳ app/controllers/users_controller.rb:10:in `create'
  [1m[36mTRANSACTION (1.2ms)[0m  [1m[31mROLLBACK[0m
  ↳ app/controllers/users_controller.rb:10:in `create'
  Rendering layout layouts/application.html.erb
  Rendering users/new.html.erb within layouts/application
  Rendered users/_form.html.erb (Duration: 24.3ms | Allocations: 2447)
  Rendered users/new.html.erb within layouts/application (Duration: 25.5ms | Allocations: 2534)
  Rendered layout layouts/application.html.erb (Duration: 42.9ms | Allocations: 3570)
Completed 200 OK in 125ms (Views: 44.9ms | ActiveRecord: 4.2ms | Allocations: 8544)


Started POST "/users" for ::1 at 2023-02-21 16:56:46 -0500
Processing by UsersController#create as HTML
  Parameters: {"authenticity_token"=>"[FILTERED]", "user"=>{"email"=>"amiricle@yahoo.com", "password_digest"=>"[FILTERED]", "session_token"=>"[FILTERED]"}, "commit"=>"Create User"}
[31mUnpermitted parameters: :password_digest, :session_token. Context: { controller: UsersController, action: create, request: #<ActionDispatch::Request:0x00007f5b7c076848>, params: {"authenticity_token"=>"[FILTERED]", "user"=>{"email"=>"amiricle@yahoo.com", "password_digest"=>"[FILTERED]", "session_token"=>"[FILTERED]"}, "commit"=>"Create User", "controller"=>"users", "action"=>"create"} }[0m
  [1m[36mTRANSACTION (0.7ms)[0m  [1m[35mBEGIN[0m
  ↳ app/models/user.rb:33:in `generate_unique_session_token'
  [1m[36mUser Exists? (1.2ms)[0m  [1m[34mSELECT 1 AS one FROM "users" WHERE "users"."session_token" = $1 LIMIT $2[0m  [["session_token", "[FILTERED]"], ["LIMIT", 1]]
  ↳ app/models/user.rb:33:in `generate_unique_session_token'
  [1m[36mUser Exists? (1.0ms)[0m  [1m[34mSELECT 1 AS one FROM "users" WHERE "users"."email" = $1 LIMIT $2[0m  [["email", "amiricle@yahoo.com"], ["LIMIT", 1]]
  ↳ app/controllers/users_controller.rb:10:in `create'
  [1m[36mCACHE User Exists? (0.1ms)[0m  [1m[34mSELECT 1 AS one FROM "users" WHERE "users"."session_token" = $1 LIMIT $2[0m  [["session_token", "[FILTERED]"], ["LIMIT", 1]]
  ↳ app/controllers/users_controller.rb:10:in `create'
  [1m[36mTRANSACTION (1.5ms)[0m  [1m[31mROLLBACK[0m
  ↳ app/controllers/users_controller.rb:10:in `create'
  Rendering layout layouts/application.html.erb
  Rendering users/new.html.erb within layouts/application
  Rendered users/_form.html.erb (Duration: 19.2ms | Allocations: 2466)
  Rendered users/new.html.erb within layouts/application (Duration: 27.2ms | Allocations: 2776)
  Rendered layout layouts/application.html.erb (Duration: 37.5ms | Allocations: 4119)
Completed 200 OK in 108ms (Views: 45.9ms | ActiveRecord: 4.5ms | Allocations: 9559)


Started POST "/users" for ::1 at 2023-02-21 16:57:05 -0500
Processing by UsersController#create as HTML
  Parameters: {"authenticity_token"=>"[FILTERED]", "user"=>{"email"=>"amiricle@yahoo.com", "password_digest"=>"[FILTERED]", "session_token"=>"[FILTERED]"}, "commit"=>"Create User"}
[31mUnpermitted parameters: :password_digest, :session_token. Context: { controller: UsersController, action: create, request: #<ActionDispatch::Request:0x00007f5b57f5de80>, params: {"authenticity_token"=>"[FILTERED]", "user"=>{"email"=>"amiricle@yahoo.com", "password_digest"=>"[FILTERED]", "session_token"=>"[FILTERED]"}, "commit"=>"Create User", "controller"=>"users", "action"=>"create"} }[0m
  [1m[36mTRANSACTION (0.6ms)[0m  [1m[35mBEGIN[0m
  ↳ app/models/user.rb:33:in `generate_unique_session_token'
  [1m[36mUser Exists? (1.1ms)[0m  [1m[34mSELECT 1 AS one FROM "users" WHERE "users"."session_token" = $1 LIMIT $2[0m  [["session_token", "[FILTERED]"], ["LIMIT", 1]]
  ↳ app/models/user.rb:33:in `generate_unique_session_token'
  [1m[36mUser Exists? (1.4ms)[0m  [1m[34mSELECT 1 AS one FROM "users" WHERE "users"."email" = $1 LIMIT $2[0m  [["email", "amiricle@yahoo.com"], ["LIMIT", 1]]
  ↳ app/controllers/users_controller.rb:10:in `create'
  [1m[36mCACHE User Exists? (0.1ms)[0m  [1m[34mSELECT 1 AS one FROM "users" WHERE "users"."session_token" = $1 LIMIT $2[0m  [["session_token", "[FILTERED]"], ["LIMIT", 1]]
  ↳ app/controllers/users_controller.rb:10:in `create'
  [1m[36mTRANSACTION (0.6ms)[0m  [1m[31mROLLBACK[0m
  ↳ app/controllers/users_controller.rb:10:in `create'
  Rendering layout layouts/application.html.erb
  Rendering users/new.html.erb within layouts/application
  Rendered users/_form.html.erb (Duration: 22.3ms | Allocations: 2493)
  Rendered users/new.html.erb within layouts/application (Duration: 26.0ms | Allocations: 2798)
  Rendered layout layouts/application.html.erb (Duration: 37.5ms | Allocations: 4141)
Completed 200 OK in 129ms (Views: 51.7ms | ActiveRecord: 3.8ms | Allocations: 9812)


Started POST "/users" for ::1 at 2023-02-21 16:57:18 -0500
Processing by UsersController#create as HTML
  Parameters: {"authenticity_token"=>"[FILTERED]", "user"=>{"email"=>"amiricle@yahoo.com", "password"=>"[FILTERED]"}, "commit"=>"Create User"}
  [1m[36mTRANSACTION (0.5ms)[0m  [1m[35mBEGIN[0m
  ↳ app/models/user.rb:33:in `generate_unique_session_token'
  [1m[36mUser Exists? (1.1ms)[0m  [1m[34mSELECT 1 AS one FROM "users" WHERE "users"."session_token" = $1 LIMIT $2[0m  [["session_token", "[FILTERED]"], ["LIMIT", 1]]
  ↳ app/models/user.rb:33:in `generate_unique_session_token'
  [1m[36mUser Exists? (1.3ms)[0m  [1m[34mSELECT 1 AS one FROM "users" WHERE "users"."email" = $1 LIMIT $2[0m  [["email", "amiricle@yahoo.com"], ["LIMIT", 1]]
  ↳ app/controllers/users_controller.rb:10:in `create'
  [1m[36mCACHE User Exists? (0.1ms)[0m  [1m[34mSELECT 1 AS one FROM "users" WHERE "users"."session_token" = $1 LIMIT $2[0m  [["session_token", "[FILTERED]"], ["LIMIT", 1]]
  ↳ app/controllers/users_controller.rb:10:in `create'
  [1m[36mUser Create (11.5ms)[0m  [1m[32mINSERT INTO "users" ("email", "password_digest", "session_token", "created_at", "updated_at") VALUES ($1, $2, $3, $4, $5) RETURNING "id"[0m  [["email", "amiricle@yahoo.com"], ["password_digest", "[FILTERED]"], ["session_token", "[FILTERED]"], ["created_at", "2023-02-21 21:57:19.620388"], ["updated_at", "2023-02-21 21:57:19.620388"]]
  ↳ app/controllers/users_controller.rb:10:in `create'
  [1m[36mTRANSACTION (5.5ms)[0m  [1m[35mCOMMIT[0m
  ↳ app/controllers/users_controller.rb:10:in `create'
Completed 500 Internal Server Error in 717ms (ActiveRecord: 19.9ms | Allocations: 8451)



NoMethodError - undefined method `login!' for #<UsersController:0x00000000006c20>
      login!(@user)
      ^^^^^^:
  app/controllers/users_controller.rb:11:in `create'

Started POST "/__better_errors/f91790ef9883a288/variables" for ::1 at 2023-02-21 16:57:20 -0500
Started POST "/users" for ::1 at 2023-02-21 16:57:59 -0500
Processing by UsersController#create as HTML
  Parameters: {"authenticity_token"=>"[FILTERED]", "user"=>{"email"=>"amiricle@yahoo.com", "password_digest"=>"[FILTERED]", "session_token"=>"[FILTERED]"}, "commit"=>"Create User"}
[31mUnpermitted parameters: :password_digest, :session_token. Context: { controller: UsersController, action: create, request: #<ActionDispatch::Request:0x00007f5b7d720080>, params: {"authenticity_token"=>"[FILTERED]", "user"=>{"email"=>"amiricle@yahoo.com", "password_digest"=>"[FILTERED]", "session_token"=>"[FILTERED]"}, "commit"=>"Create User", "controller"=>"users", "action"=>"create"} }[0m
  [1m[36mTRANSACTION (0.6ms)[0m  [1m[35mBEGIN[0m
  ↳ app/models/user.rb:33:in `generate_unique_session_token'
  [1m[36mUser Exists? (1.4ms)[0m  [1m[34mSELECT 1 AS one FROM "users" WHERE "users"."session_token" = $1 LIMIT $2[0m  [["session_token", "[FILTERED]"], ["LIMIT", 1]]
  ↳ app/models/user.rb:33:in `generate_unique_session_token'
  [1m[36mUser Exists? (1.0ms)[0m  [1m[34mSELECT 1 AS one FROM "users" WHERE "users"."email" = $1 LIMIT $2[0m  [["email", "amiricle@yahoo.com"], ["LIMIT", 1]]
  ↳ app/controllers/users_controller.rb:10:in `create'
  [1m[36mCACHE User Exists? (0.1ms)[0m  [1m[34mSELECT 1 AS one FROM "users" WHERE "users"."session_token" = $1 LIMIT $2[0m  [["session_token", "[FILTERED]"], ["LIMIT", 1]]
  ↳ app/controllers/users_controller.rb:10:in `create'
  [1m[36mTRANSACTION (0.6ms)[0m  [1m[31mROLLBACK[0m
  ↳ app/controllers/users_controller.rb:10:in `create'
  Rendering layout layouts/application.html.erb
  Rendering users/new.html.erb within layouts/application
  Rendered users/_form.html.erb (Duration: 29.2ms | Allocations: 2613)
  Rendered users/new.html.erb within layouts/application (Duration: 32.5ms | Allocations: 2896)
  Rendered layout layouts/application.html.erb (Duration: 33.5ms | Allocations: 2982)
Completed 500 Internal Server Error in 145ms (ActiveRecord: 3.7ms | Allocations: 9138)



ActionView::SyntaxErrorInTemplate - Encountered a syntax error while rendering template: check <%= form_with(model: user) do |form| %>
  <% if user.errors.any? %>
    <div style="color: red">
      <h2><%= pluralize(user.errors.count, "error") %> prohibited this user from being saved:</h2>
      <ul>
        <% user.errors.each do |error| %>
          <li><%= error.full_message %></li>
        <% end %>
      </ul>
    </div>
  <% end %>
  <div>
    <%= form.label "Email Grabber", style: "display: block" %>
    <%= form.text_field :email %>
  </div>
  <div>
    <%= form.label="Password" type="password", style: "display: block" %>
    <%= form.text_field :password %>
  </div>
  <div>
    <%= form.submit %>
  </div>
<% end %>:
  app/views/users/new.html.erb:3
  app/controllers/users_controller.rb:15:in `create'

Started POST "/__better_errors/8d21dc8c324ee576/variables" for ::1 at 2023-02-21 16:57:59 -0500
Started POST "/users" for ::1 at 2023-02-21 16:58:07 -0500
Processing by UsersController#create as HTML
  Parameters: {"authenticity_token"=>"[FILTERED]", "user"=>{"email"=>"amiricle@yahoo.com", "password_digest"=>"[FILTERED]", "session_token"=>"[FILTERED]"}, "commit"=>"Create User"}
[31mUnpermitted parameters: :password_digest, :session_token. Context: { controller: UsersController, action: create, request: #<ActionDispatch::Request:0x00007f5b57f06180>, params: {"authenticity_token"=>"[FILTERED]", "user"=>{"email"=>"amiricle@yahoo.com", "password_digest"=>"[FILTERED]", "session_token"=>"[FILTERED]"}, "commit"=>"Create User", "controller"=>"users", "action"=>"create"} }[0m
  [1m[36mTRANSACTION (0.6ms)[0m  [1m[35mBEGIN[0m
  ↳ app/models/user.rb:33:in `generate_unique_session_token'
  [1m[36mUser Exists? (1.0ms)[0m  [1m[34mSELECT 1 AS one FROM "users" WHERE "users"."session_token" = $1 LIMIT $2[0m  [["session_token", "[FILTERED]"], ["LIMIT", 1]]
  ↳ app/models/user.rb:33:in `generate_unique_session_token'
  [1m[36mUser Exists? (1.0ms)[0m  [1m[34mSELECT 1 AS one FROM "users" WHERE "users"."email" = $1 LIMIT $2[0m  [["email", "amiricle@yahoo.com"], ["LIMIT", 1]]
  ↳ app/controllers/users_controller.rb:10:in `create'
  [1m[36mCACHE User Exists? (0.1ms)[0m  [1m[34mSELECT 1 AS one FROM "users" WHERE "users"."session_token" = $1 LIMIT $2[0m  [["session_token", "[FILTERED]"], ["LIMIT", 1]]
  ↳ app/controllers/users_controller.rb:10:in `create'
  [1m[36mTRANSACTION (1.1ms)[0m  [1m[31mROLLBACK[0m
  ↳ app/controllers/users_controller.rb:10:in `create'
  Rendering layout layouts/application.html.erb
  Rendering users/new.html.erb within layouts/application
  Rendered users/_form.html.erb (Duration: 15.1ms | Allocations: 1855)
  Rendered users/new.html.erb within layouts/application (Duration: 17.7ms | Allocations: 2126)
  Rendered layout layouts/application.html.erb (Duration: 25.6ms | Allocations: 2212)
Completed 500 Internal Server Error in 134ms (ActiveRecord: 3.7ms | Allocations: 8314)



ActionView::SyntaxErrorInTemplate - Encountered a syntax error while rendering template: check <%= form_with(model: user) do |form| %>
  <% if user.errors.any? %>
    <div style="color: red">
      <h2><%= pluralize(user.errors.count, "error") %> prohibited this user from being saved:</h2>
      <ul>
        <% user.errors.each do |error| %>
          <li><%= error.full_message %></li>
        <% end %>
      </ul>
    </div>
  <% end %>
  <div>
    <%= form.label "Email Grabber", style: "display: block" %>
    <%= form.text_field :email %>
  </div>
  <div>
    <%= form.label="Password", type="password", style: "display: block" %>
    <%= form.text_field :password %>
  </div>
  <div>
    <%= form.submit %>
  </div>
<% end %>:
  app/views/users/new.html.erb:3
  app/controllers/users_controller.rb:15:in `create'

Started POST "/__better_errors/1b4e51f1f15478c3/variables" for ::1 at 2023-02-21 16:58:07 -0500
Started POST "/users" for ::1 at 2023-02-21 16:58:25 -0500
Processing by UsersController#create as HTML
  Parameters: {"authenticity_token"=>"[FILTERED]", "user"=>{"email"=>"amiricle@yahoo.com", "password_digest"=>"[FILTERED]", "session_token"=>"[FILTERED]"}, "commit"=>"Create User"}
[31mUnpermitted parameters: :password_digest, :session_token. Context: { controller: UsersController, action: create, request: #<ActionDispatch::Request:0x00007f5b7d548938>, params: {"authenticity_token"=>"[FILTERED]", "user"=>{"email"=>"amiricle@yahoo.com", "password_digest"=>"[FILTERED]", "session_token"=>"[FILTERED]"}, "commit"=>"Create User", "controller"=>"users", "action"=>"create"} }[0m
  [1m[36mTRANSACTION (1.1ms)[0m  [1m[35mBEGIN[0m
  ↳ app/models/user.rb:33:in `generate_unique_session_token'
  [1m[36mUser Exists? (1.4ms)[0m  [1m[34mSELECT 1 AS one FROM "users" WHERE "users"."session_token" = $1 LIMIT $2[0m  [["session_token", "[FILTERED]"], ["LIMIT", 1]]
  ↳ app/models/user.rb:33:in `generate_unique_session_token'
  [1m[36mUser Exists? (9.2ms)[0m  [1m[34mSELECT 1 AS one FROM "users" WHERE "users"."email" = $1 LIMIT $2[0m  [["email", "amiricle@yahoo.com"], ["LIMIT", 1]]
  ↳ app/controllers/users_controller.rb:10:in `create'
  [1m[36mCACHE User Exists? (0.1ms)[0m  [1m[34mSELECT 1 AS one FROM "users" WHERE "users"."session_token" = $1 LIMIT $2[0m  [["session_token", "[FILTERED]"], ["LIMIT", 1]]
  ↳ app/controllers/users_controller.rb:10:in `create'
  [1m[36mTRANSACTION (0.8ms)[0m  [1m[31mROLLBACK[0m
  ↳ app/controllers/users_controller.rb:10:in `create'
  Rendering layout layouts/application.html.erb
  Rendering users/new.html.erb within layouts/application
  Rendered users/_form.html.erb (Duration: 13.0ms | Allocations: 1855)
  Rendered users/new.html.erb within layouts/application (Duration: 17.1ms | Allocations: 2131)
  Rendered layout layouts/application.html.erb (Duration: 18.2ms | Allocations: 2217)
Completed 500 Internal Server Error in 104ms (ActiveRecord: 12.7ms | Allocations: 8319)



ActionView::SyntaxErrorInTemplate - Encountered a syntax error while rendering template: check <%= form_with(model: user) do |form| %>
  <% if user.errors.any? %>
    <div style="color: red">
      <h2><%= pluralize(user.errors.count, "error") %> prohibited this user from being saved:</h2>
      <ul>
        <% user.errors.each do |error| %>
          <li><%= error.full_message %></li>
        <% end %>
      </ul>
    </div>
  <% end %>
  <div>
    <%= form.label "Email Grabber", style: "display: block" %>
    <%= form.text_field :email %>
  </div>
  <div>
    <%= form.label="Password", style: "display: block" %>
    <%= form.text_field type="password" :password %>
  </div>
  <div>
    <%= form.submit %>
  </div>
<% end %>:
  app/views/users/new.html.erb:3
  app/controllers/users_controller.rb:15:in `create'

Started POST "/__better_errors/dfe896a335a63a4a/variables" for ::1 at 2023-02-21 16:58:25 -0500
Started POST "/users" for ::1 at 2023-02-21 16:58:45 -0500
Processing by UsersController#create as HTML
  Parameters: {"authenticity_token"=>"[FILTERED]", "user"=>{"email"=>"amiricle@yahoo.com", "password_digest"=>"[FILTERED]", "session_token"=>"[FILTERED]"}, "commit"=>"Create User"}
[31mUnpermitted parameters: :password_digest, :session_token. Context: { controller: UsersController, action: create, request: #<ActionDispatch::Request:0x00007f5b57ca0008>, params: {"authenticity_token"=>"[FILTERED]", "user"=>{"email"=>"amiricle@yahoo.com", "password_digest"=>"[FILTERED]", "session_token"=>"[FILTERED]"}, "commit"=>"Create User", "controller"=>"users", "action"=>"create"} }[0m
  [1m[36mTRANSACTION (0.6ms)[0m  [1m[35mBEGIN[0m
  ↳ app/models/user.rb:33:in `generate_unique_session_token'
  [1m[36mUser Exists? (1.3ms)[0m  [1m[34mSELECT 1 AS one FROM "users" WHERE "users"."session_token" = $1 LIMIT $2[0m  [["session_token", "[FILTERED]"], ["LIMIT", 1]]
  ↳ app/models/user.rb:33:in `generate_unique_session_token'
  [1m[36mUser Exists? (1.1ms)[0m  [1m[34mSELECT 1 AS one FROM "users" WHERE "users"."email" = $1 LIMIT $2[0m  [["email", "amiricle@yahoo.com"], ["LIMIT", 1]]
  ↳ app/controllers/users_controller.rb:10:in `create'
  [1m[36mCACHE User Exists? (0.1ms)[0m  [1m[34mSELECT 1 AS one FROM "users" WHERE "users"."session_token" = $1 LIMIT $2[0m  [["session_token", "[FILTERED]"], ["LIMIT", 1]]
  ↳ app/controllers/users_controller.rb:10:in `create'
  [1m[36mTRANSACTION (0.7ms)[0m  [1m[31mROLLBACK[0m
  ↳ app/controllers/users_controller.rb:10:in `create'
  Rendering layout layouts/application.html.erb
  Rendering users/new.html.erb within layouts/application
  Rendered users/_form.html.erb (Duration: 30.0ms | Allocations: 3078)
  Rendered users/new.html.erb within layouts/application (Duration: 32.9ms | Allocations: 3384)
  Rendered layout layouts/application.html.erb (Duration: 41.4ms | Allocations: 4732)
Completed 200 OK in 125ms (Views: 46.6ms | ActiveRecord: 3.7ms | Allocations: 10853)


Started POST "/users" for ::1 at 2023-02-21 16:59:54 -0500
Processing by UsersController#create as HTML
  Parameters: {"authenticity_token"=>"[FILTERED]", "user"=>{"email"=>"amiricle@yahoo.com", "password_digest"=>"[FILTERED]", "session_token"=>"[FILTERED]"}, "commit"=>"Create User"}
[31mUnpermitted parameters: :password_digest, :session_token. Context: { controller: UsersController, action: create, request: #<ActionDispatch::Request:0x00007f5b57ba5d60>, params: {"authenticity_token"=>"[FILTERED]", "user"=>{"email"=>"amiricle@yahoo.com", "password_digest"=>"[FILTERED]", "session_token"=>"[FILTERED]"}, "commit"=>"Create User", "controller"=>"users", "action"=>"create"} }[0m
  [1m[36mTRANSACTION (7.4ms)[0m  [1m[35mBEGIN[0m
  ↳ app/models/user.rb:33:in `generate_unique_session_token'
  [1m[36mUser Exists? (1.3ms)[0m  [1m[34mSELECT 1 AS one FROM "users" WHERE "users"."session_token" = $1 LIMIT $2[0m  [["session_token", "[FILTERED]"], ["LIMIT", 1]]
  ↳ app/models/user.rb:33:in `generate_unique_session_token'
  [1m[36mUser Exists? (1.1ms)[0m  [1m[34mSELECT 1 AS one FROM "users" WHERE "users"."email" = $1 LIMIT $2[0m  [["email", "amiricle@yahoo.com"], ["LIMIT", 1]]
  ↳ app/controllers/users_controller.rb:10:in `create'
  [1m[36mCACHE User Exists? (0.1ms)[0m  [1m[34mSELECT 1 AS one FROM "users" WHERE "users"."session_token" = $1 LIMIT $2[0m  [["session_token", "[FILTERED]"], ["LIMIT", 1]]
  ↳ app/controllers/users_controller.rb:10:in `create'
  [1m[36mTRANSACTION (1.1ms)[0m  [1m[31mROLLBACK[0m
  ↳ app/controllers/users_controller.rb:10:in `create'
  Rendering layout layouts/application.html.erb
  Rendering users/new.html.erb within layouts/application
  Rendered users/_form.html.erb (Duration: 34.3ms | Allocations: 5640)
  Rendered users/new.html.erb within layouts/application (Duration: 37.0ms | Allocations: 5915)
  Rendered layout layouts/application.html.erb (Duration: 38.0ms | Allocations: 6000)
Completed 500 Internal Server Error in 127ms (ActiveRecord: 11.0ms | Allocations: 12042)



NameError - undefined local variable or method `action' for #<ActionView::Base:0x00000000007058>
Did you mean?  action_url:
  app/views/users/_form.html.erb:1
  app/views/users/new.html.erb:3
  app/controllers/users_controller.rb:15:in `create'

Started POST "/__better_errors/db6de31fbadc345c/variables" for ::1 at 2023-02-21 16:59:54 -0500
Started POST "/users" for ::1 at 2023-02-21 17:00:35 -0500
Processing by UsersController#create as HTML
  Parameters: {"authenticity_token"=>"[FILTERED]", "user"=>{"email"=>"amiricle@yahoo.com", "password_digest"=>"[FILTERED]", "session_token"=>"[FILTERED]"}, "commit"=>"Create User"}
[31mUnpermitted parameters: :password_digest, :session_token. Context: { controller: UsersController, action: create, request: #<ActionDispatch::Request:0x00007f5b57cd00f0>, params: {"authenticity_token"=>"[FILTERED]", "user"=>{"email"=>"amiricle@yahoo.com", "password_digest"=>"[FILTERED]", "session_token"=>"[FILTERED]"}, "commit"=>"Create User", "controller"=>"users", "action"=>"create"} }[0m
  [1m[36mTRANSACTION (0.8ms)[0m  [1m[35mBEGIN[0m
  ↳ app/models/user.rb:33:in `generate_unique_session_token'
  [1m[36mUser Exists? (1.0ms)[0m  [1m[34mSELECT 1 AS one FROM "users" WHERE "users"."session_token" = $1 LIMIT $2[0m  [["session_token", "[FILTERED]"], ["LIMIT", 1]]
  ↳ app/models/user.rb:33:in `generate_unique_session_token'
  [1m[36mUser Exists? (1.0ms)[0m  [1m[34mSELECT 1 AS one FROM "users" WHERE "users"."email" = $1 LIMIT $2[0m  [["email", "amiricle@yahoo.com"], ["LIMIT", 1]]
  ↳ app/controllers/users_controller.rb:10:in `create'
  [1m[36mCACHE User Exists? (0.1ms)[0m  [1m[34mSELECT 1 AS one FROM "users" WHERE "users"."session_token" = $1 LIMIT $2[0m  [["session_token", "[FILTERED]"], ["LIMIT", 1]]
  ↳ app/controllers/users_controller.rb:10:in `create'
  [1m[36mTRANSACTION (1.0ms)[0m  [1m[31mROLLBACK[0m
  ↳ app/controllers/users_controller.rb:10:in `create'
  Rendering layout layouts/application.html.erb
  Rendering users/new.html.erb within layouts/application
  Rendered users/_form.html.erb (Duration: 31.6ms | Allocations: 5584)
  Rendered users/new.html.erb within layouts/application (Duration: 34.5ms | Allocations: 5855)
  Rendered layout layouts/application.html.erb (Duration: 35.7ms | Allocations: 5940)
Completed 500 Internal Server Error in 133ms (ActiveRecord: 3.9ms | Allocations: 12042)



NameError - undefined local variable or method `action' for #<ActionView::Base:0x00000000007170>
Did you mean?  action_url:
  app/views/users/_form.html.erb:1
  app/views/users/new.html.erb:3
  app/controllers/users_controller.rb:15:in `create'

Started POST "/__better_errors/fb1b76b25bfbda6d/variables" for ::1 at 2023-02-21 17:00:36 -0500
Started POST "/users" for ::1 at 2023-02-21 17:03:46 -0500
Processing by UsersController#create as HTML
  Parameters: {"authenticity_token"=>"[FILTERED]", "user"=>{"email"=>"amiricle@yahoo.com", "password_digest"=>"[FILTERED]", "session_token"=>"[FILTERED]"}, "commit"=>"Create User"}
[31mUnpermitted parameters: :password_digest, :session_token. Context: { controller: UsersController, action: create, request: #<ActionDispatch::Request:0x00007f5b7c0965f8>, params: {"authenticity_token"=>"[FILTERED]", "user"=>{"email"=>"amiricle@yahoo.com", "password_digest"=>"[FILTERED]", "session_token"=>"[FILTERED]"}, "commit"=>"Create User", "controller"=>"users", "action"=>"create"} }[0m
  [1m[36mTRANSACTION (0.6ms)[0m  [1m[35mBEGIN[0m
  ↳ app/models/user.rb:33:in `generate_unique_session_token'
  [1m[36mUser Exists? (5.1ms)[0m  [1m[34mSELECT 1 AS one FROM "users" WHERE "users"."session_token" = $1 LIMIT $2[0m  [["session_token", "[FILTERED]"], ["LIMIT", 1]]
  ↳ app/models/user.rb:33:in `generate_unique_session_token'
  [1m[36mUser Exists? (1.8ms)[0m  [1m[34mSELECT 1 AS one FROM "users" WHERE "users"."email" = $1 LIMIT $2[0m  [["email", "amiricle@yahoo.com"], ["LIMIT", 1]]
  ↳ app/controllers/users_controller.rb:10:in `create'
  [1m[36mCACHE User Exists? (0.1ms)[0m  [1m[34mSELECT 1 AS one FROM "users" WHERE "users"."session_token" = $1 LIMIT $2[0m  [["session_token", "[FILTERED]"], ["LIMIT", 1]]
  ↳ app/controllers/users_controller.rb:10:in `create'
  [1m[36mTRANSACTION (0.7ms)[0m  [1m[31mROLLBACK[0m
  ↳ app/controllers/users_controller.rb:10:in `create'
  Rendering layout layouts/application.html.erb
  Rendering users/new.html.erb within layouts/application
  Rendered users/_form.html.erb (Duration: 32.0ms | Allocations: 3078)
  Rendered users/new.html.erb within layouts/application (Duration: 44.6ms | Allocations: 3388)
  Rendered layout layouts/application.html.erb (Duration: 57.5ms | Allocations: 4736)
Completed 200 OK in 155ms (Views: 64.7ms | ActiveRecord: 8.3ms | Allocations: 10858)


Started POST "/users" for ::1 at 2023-02-21 17:03:48 -0500
Processing by UsersController#create as HTML
  Parameters: {"authenticity_token"=>"[FILTERED]", "user"=>{"email"=>"amiricle@yahoo.com", "password"=>"[FILTERED]"}, "commit"=>"Create User"}
  [1m[36mTRANSACTION (0.4ms)[0m  [1m[35mBEGIN[0m
  ↳ app/models/user.rb:33:in `generate_unique_session_token'
  [1m[36mUser Exists? (1.0ms)[0m  [1m[34mSELECT 1 AS one FROM "users" WHERE "users"."session_token" = $1 LIMIT $2[0m  [["session_token", "[FILTERED]"], ["LIMIT", 1]]
  ↳ app/models/user.rb:33:in `generate_unique_session_token'
  [1m[36mUser Exists? (1.8ms)[0m  [1m[34mSELECT 1 AS one FROM "users" WHERE "users"."email" = $1 LIMIT $2[0m  [["email", "amiricle@yahoo.com"], ["LIMIT", 1]]
  ↳ app/controllers/users_controller.rb:10:in `create'
  [1m[36mCACHE User Exists? (0.1ms)[0m  [1m[34mSELECT 1 AS one FROM "users" WHERE "users"."session_token" = $1 LIMIT $2[0m  [["session_token", "[FILTERED]"], ["LIMIT", 1]]
  ↳ app/controllers/users_controller.rb:10:in `create'
  [1m[36mTRANSACTION (0.8ms)[0m  [1m[31mROLLBACK[0m
  ↳ app/controllers/users_controller.rb:10:in `create'
  Rendering layout layouts/application.html.erb
  Rendering users/new.html.erb within layouts/application
  Rendered users/_form.html.erb (Duration: 15.5ms | Allocations: 2204)
  Rendered users/new.html.erb within layouts/application (Duration: 16.4ms | Allocations: 2291)
  Rendered layout layouts/application.html.erb (Duration: 24.1ms | Allocations: 3325)
Completed 200 OK in 731ms (Views: 26.0ms | ActiveRecord: 4.1ms | Allocations: 8474)


Started POST "/users" for ::1 at 2023-02-21 17:03:49 -0500
Processing by UsersController#create as HTML
  Parameters: {"authenticity_token"=>"[FILTERED]", "user"=>{"email"=>"amiricle@yahoo.com", "password"=>"[FILTERED]"}, "commit"=>"Create User"}
  [1m[36mTRANSACTION (0.5ms)[0m  [1m[35mBEGIN[0m
  ↳ app/models/user.rb:33:in `generate_unique_session_token'
  [1m[36mUser Exists? (1.1ms)[0m  [1m[34mSELECT 1 AS one FROM "users" WHERE "users"."session_token" = $1 LIMIT $2[0m  [["session_token", "[FILTERED]"], ["LIMIT", 1]]
  ↳ app/models/user.rb:33:in `generate_unique_session_token'
  [1m[36mUser Exists? (1.2ms)[0m  [1m[34mSELECT 1 AS one FROM "users" WHERE "users"."email" = $1 LIMIT $2[0m  [["email", "amiricle@yahoo.com"], ["LIMIT", 1]]
  ↳ app/controllers/users_controller.rb:10:in `create'
  [1m[36mCACHE User Exists? (0.1ms)[0m  [1m[34mSELECT 1 AS one FROM "users" WHERE "users"."session_token" = $1 LIMIT $2[0m  [["session_token", "[FILTERED]"], ["LIMIT", 1]]
  ↳ app/controllers/users_controller.rb:10:in `create'
  [1m[36mTRANSACTION (0.8ms)[0m  [1m[31mROLLBACK[0m
  ↳ app/controllers/users_controller.rb:10:in `create'
  Rendering layout layouts/application.html.erb
  Rendering users/new.html.erb within layouts/application
  Rendered users/_form.html.erb (Duration: 13.8ms | Allocations: 2204)
  Rendered users/new.html.erb within layouts/application (Duration: 15.2ms | Allocations: 2291)
  Rendered layout layouts/application.html.erb (Duration: 20.8ms | Allocations: 3325)
Completed 200 OK in 642ms (Views: 22.5ms | ActiveRecord: 3.6ms | Allocations: 8206)


Started POST "/users" for ::1 at 2023-02-21 17:04:07 -0500
Processing by UsersController#create as HTML
  Parameters: {"authenticity_token"=>"[FILTERED]", "user"=>{"email"=>"singapore@frank.com", "password"=>"[FILTERED]"}, "commit"=>"Create User"}
  [1m[36mTRANSACTION (0.6ms)[0m  [1m[35mBEGIN[0m
  ↳ app/models/user.rb:33:in `generate_unique_session_token'
  [1m[36mUser Exists? (1.3ms)[0m  [1m[34mSELECT 1 AS one FROM "users" WHERE "users"."session_token" = $1 LIMIT $2[0m  [["session_token", "[FILTERED]"], ["LIMIT", 1]]
  ↳ app/models/user.rb:33:in `generate_unique_session_token'
  [1m[36mUser Exists? (1.1ms)[0m  [1m[34mSELECT 1 AS one FROM "users" WHERE "users"."email" = $1 LIMIT $2[0m  [["email", "singapore@frank.com"], ["LIMIT", 1]]
  ↳ app/controllers/users_controller.rb:10:in `create'
  [1m[36mCACHE User Exists? (0.1ms)[0m  [1m[34mSELECT 1 AS one FROM "users" WHERE "users"."session_token" = $1 LIMIT $2[0m  [["session_token", "[FILTERED]"], ["LIMIT", 1]]
  ↳ app/controllers/users_controller.rb:10:in `create'
  [1m[36mUser Create (2.2ms)[0m  [1m[32mINSERT INTO "users" ("email", "password_digest", "session_token", "created_at", "updated_at") VALUES ($1, $2, $3, $4, $5) RETURNING "id"[0m  [["email", "singapore@frank.com"], ["password_digest", "[FILTERED]"], ["session_token", "[FILTERED]"], ["created_at", "2023-02-21 22:04:08.144074"], ["updated_at", "2023-02-21 22:04:08.144074"]]
  ↳ app/controllers/users_controller.rb:10:in `create'
  [1m[36mTRANSACTION (5.1ms)[0m  [1m[35mCOMMIT[0m
  ↳ app/controllers/users_controller.rb:10:in `create'
Completed 500 Internal Server Error in 774ms (ActiveRecord: 10.4ms | Allocations: 6955)



NoMethodError - undefined method `login!' for #<UsersController:0x000000000073a0>
      login!(@user)
      ^^^^^^:
  app/controllers/users_controller.rb:11:in `create'

Started POST "/__better_errors/a0cfce73d256d5e6/variables" for ::1 at 2023-02-21 17:04:08 -0500
Started POST "/users" for ::1 at 2023-02-21 17:05:52 -0500
Processing by UsersController#create as HTML
  Parameters: {"authenticity_token"=>"[FILTERED]", "user"=>{"email"=>"singapore@frank.com", "password"=>"[FILTERED]"}, "commit"=>"Create User"}
  [1m[36mTRANSACTION (0.5ms)[0m  [1m[35mBEGIN[0m
  ↳ app/models/user.rb:33:in `generate_unique_session_token'
  [1m[36mUser Exists? (1.2ms)[0m  [1m[34mSELECT 1 AS one FROM "users" WHERE "users"."session_token" = $1 LIMIT $2[0m  [["session_token", "[FILTERED]"], ["LIMIT", 1]]
  ↳ app/models/user.rb:33:in `generate_unique_session_token'
  [1m[36mUser Exists? (1.2ms)[0m  [1m[34mSELECT 1 AS one FROM "users" WHERE "users"."email" = $1 LIMIT $2[0m  [["email", "singapore@frank.com"], ["LIMIT", 1]]
  ↳ app/controllers/users_controller.rb:10:in `create'
  [1m[36mCACHE User Exists? (0.1ms)[0m  [1m[34mSELECT 1 AS one FROM "users" WHERE "users"."session_token" = $1 LIMIT $2[0m  [["session_token", "[FILTERED]"], ["LIMIT", 1]]
  ↳ app/controllers/users_controller.rb:10:in `create'
  [1m[36mTRANSACTION (0.8ms)[0m  [1m[31mROLLBACK[0m
  ↳ app/controllers/users_controller.rb:10:in `create'
  Rendering layout layouts/application.html.erb
  Rendering users/new.html.erb within layouts/application
  Rendered users/_form.html.erb (Duration: 4.8ms | Allocations: 836)
  Rendered users/new.html.erb within layouts/application (Duration: 9.4ms | Allocations: 1141)
  Rendered layout layouts/application.html.erb (Duration: 23.3ms | Allocations: 2489)
Completed 200 OK in 716ms (Views: 31.6ms | ActiveRecord: 3.8ms | Allocations: 7791)


Started GET "/users" for ::1 at 2023-02-21 17:07:41 -0500
  
ActionController::RoutingError (No route matches [GET] "/users"):
  
Started GET "/users" for ::1 at 2023-02-21 17:07:49 -0500
  
ActionController::RoutingError (No route matches [GET] "/users"):
  
Started GET "/users" for ::1 at 2023-02-21 17:11:33 -0500
  
ActionController::RoutingError (No route matches [GET] "/users"):
  
Started GET "/usersnew" for ::1 at 2023-02-21 17:11:37 -0500
  
ActionController::RoutingError (No route matches [GET] "/usersnew"):
  
Started GET "/users/new" for ::1 at 2023-02-21 17:11:42 -0500
Processing by UsersController#new as HTML
  Rendering layout layouts/application.html.erb
  Rendering users/new.html.erb within layouts/application
  Rendered users/_form.html.erb (Duration: 3.2ms | Allocations: 632)
  Rendered users/new.html.erb within layouts/application (Duration: 4.4ms | Allocations: 719)
  Rendered layout layouts/application.html.erb (Duration: 21.5ms | Allocations: 1770)
Completed 200 OK in 31ms (Views: 23.4ms | Allocations: 2011)


Started GET "/users" for ::1 at 2023-02-21 17:19:11 -0500
  
ActionController::RoutingError (No route matches [GET] "/users"):
  
Started GET "/users" for ::1 at 2023-02-21 17:20:31 -0500
Processing by UsersController#index as HTML
  Rendering layout layouts/application.html.erb
  Rendering users/index.html.erb within layouts/application
  Rendered users/index.html.erb within layouts/application (Duration: 8.3ms | Allocations: 3121)
  Rendered layout layouts/application.html.erb (Duration: 9.2ms | Allocations: 3209)
Completed 500 Internal Server Error in 14ms (Allocations: 3707)



NoMethodError - undefined method `each' for nil:NilClass:
  app/views/users/index.html.erb:6

Started POST "/__better_errors/c23b51c00bc63611/variables" for ::1 at 2023-02-21 17:20:32 -0500
Started GET "/users/new" for ::1 at 2023-02-21 17:20:42 -0500
Processing by UsersController#new as HTML
  Rendering layout layouts/application.html.erb
  Rendering users/new.html.erb within layouts/application
  Rendered users/_form.html.erb (Duration: 5.2ms | Allocations: 822)
  Rendered users/new.html.erb within layouts/application (Duration: 6.4ms | Allocations: 925)
  Rendered layout layouts/application.html.erb (Duration: 18.9ms | Allocations: 2130)
Completed 200 OK in 131ms (Views: 21.1ms | ActiveRecord: 51.0ms | Allocations: 7854)


Started POST "/session" for ::1 at 2023-02-21 17:20:54 -0500

NameError - uninitialized constant ApplciationController
class SesssionsController < ApplciationController
                            ^^^^^^^^^^^^^^^^^^^^^
Did you mean?  ApplicationController
               ActionController:
  app/controllers/sessions_controller.rb:1:in `<top (required)>'

Started POST "/__better_errors/64b088317709a05a/variables" for ::1 at 2023-02-21 17:20:55 -0500
Started POST "/session" for ::1 at 2023-02-21 17:21:15 -0500

Zeitwerk::NameError - expected file /home/Rails Projects/W7D2-Project/Music/app/controllers/sessions_controller.rb to define constant SessionsController, but didn't
      raise Zeitwerk::NameError.new(msg, cref.last)
      ^^^^^:

Started POST "/__better_errors/7b6eed709c97876c/variables" for ::1 at 2023-02-21 17:21:15 -0500
